<?xml version="1.0" encoding="UTF-8"?>
<!-- Generated by org.testng.reporters.JUnitXMLReporter -->
<testsuite ignored="0" hostname="mucnblo052" failures="0" tests="3" name="Default test" time="81.338" errors="0" timestamp="2023-09-19T12:58:11 CEST">
  <testcase classname="com.sogeti.UITests.UIAssignmentTests" name="verifyLinksSelected" time="4.729"/>
  <testcase classname="com.sogeti.UITests.UIAssignmentTests" name="fillContactForm" time="5.603"/>
  <testcase classname="com.sogeti.UITests.UIAssignmentTests" name="verifyCountriesLink" time="42.289"/>
</testsuite> <!-- Default test -->
