<?xml version="1.0" encoding="UTF-8"?>
<testng-results ignored="0" total="3" passed="3" failed="0" skipped="0">
  <reporter-output>
  </reporter-output>
  <suite started-at="2023-09-19T12:56:50 CEST" name="Default suite" finished-at="2023-09-19T12:58:11 CEST" duration-ms="81338">
    <groups>
    </groups>
    <test started-at="2023-09-19T12:56:50 CEST" name="Default test" finished-at="2023-09-19T12:58:11 CEST" duration-ms="81338">
      <class name="com.sogeti.UITests.UIAssignmentTests">
        <test-method is-config="true" signature="setup()[pri:0, instance:com.sogeti.UITests.UIAssignmentTests@6c6cb480]" started-at="2023-09-19T12:56:50 CEST" name="setup" finished-at="2023-09-19T12:57:01 CEST" duration-ms="10734" status="PASS">
          <reporter-output>
          </reporter-output>
        </test-method> <!-- setup -->
        <test-method signature="verifyLinksSelected()[pri:0, instance:com.sogeti.UITests.UIAssignmentTests@6c6cb480]" started-at="2023-09-19T12:57:01 CEST" name="verifyLinksSelected" finished-at="2023-09-19T12:57:06 CEST" duration-ms="4729" status="PASS">
          <reporter-output>
          </reporter-output>
        </test-method> <!-- verifyLinksSelected -->
        <test-method is-config="true" signature="cleanUp()[pri:0, instance:com.sogeti.UITests.UIAssignmentTests@6c6cb480]" started-at="2023-09-19T12:57:06 CEST" name="cleanUp" finished-at="2023-09-19T12:57:06 CEST" duration-ms="329" status="PASS">
          <reporter-output>
          </reporter-output>
        </test-method> <!-- cleanUp -->
        <test-method is-config="true" signature="setup()[pri:0, instance:com.sogeti.UITests.UIAssignmentTests@6c6cb480]" started-at="2023-09-19T12:57:06 CEST" name="setup" finished-at="2023-09-19T12:57:15 CEST" duration-ms="9319" status="PASS">
          <reporter-output>
          </reporter-output>
        </test-method> <!-- setup -->
        <test-method signature="fillContactForm()[pri:1, instance:com.sogeti.UITests.UIAssignmentTests@6c6cb480]" started-at="2023-09-19T12:57:15 CEST" name="fillContactForm" finished-at="2023-09-19T12:57:21 CEST" duration-ms="5603" status="PASS">
          <reporter-output>
          </reporter-output>
        </test-method> <!-- fillContactForm -->
        <test-method is-config="true" signature="cleanUp()[pri:0, instance:com.sogeti.UITests.UIAssignmentTests@6c6cb480]" started-at="2023-09-19T12:57:21 CEST" name="cleanUp" finished-at="2023-09-19T12:57:21 CEST" duration-ms="367" status="PASS">
          <reporter-output>
          </reporter-output>
        </test-method> <!-- cleanUp -->
        <test-method is-config="true" signature="setup()[pri:0, instance:com.sogeti.UITests.UIAssignmentTests@6c6cb480]" started-at="2023-09-19T12:57:21 CEST" name="setup" finished-at="2023-09-19T12:57:29 CEST" duration-ms="7494" status="PASS">
          <reporter-output>
          </reporter-output>
        </test-method> <!-- setup -->
        <test-method signature="verifyCountriesLink()[pri:2, instance:com.sogeti.UITests.UIAssignmentTests@6c6cb480]" started-at="2023-09-19T12:57:29 CEST" name="verifyCountriesLink" finished-at="2023-09-19T12:58:11 CEST" duration-ms="42289" status="PASS">
          <reporter-output>
          </reporter-output>
        </test-method> <!-- verifyCountriesLink -->
        <test-method is-config="true" signature="cleanUp()[pri:0, instance:com.sogeti.UITests.UIAssignmentTests@6c6cb480]" started-at="2023-09-19T12:58:11 CEST" name="cleanUp" finished-at="2023-09-19T12:58:11 CEST" duration-ms="417" status="PASS">
          <reporter-output>
          </reporter-output>
        </test-method> <!-- cleanUp -->
      </class> <!-- com.sogeti.UITests.UIAssignmentTests -->
    </test> <!-- Default test -->
  </suite> <!-- Default suite -->
</testng-results>
